<?xml version="1.0" encoding="UTF-8"?>
<!-- Generated by org.testng.reporters.JUnitXMLReporter -->
<testsuite ignored="0" hostname="DESKTOP-A8AOGG1" failures="0" tests="4" name="Default test" time="48.437" errors="0" timestamp="2024-07-06T20:58:11 IST">
  <testcase classname="com.pratap.orangeHRM.tests.LoginTest" name="testLogin" time="4.258"/>
  <testcase classname="com.pratap.orangeHRM.tests.LoginTest" name="testLogin" time="4.536"/>
  <testcase classname="com.pratap.orangeHRM.tests.LoginTest" name="testLogin" time="4.626"/>
  <testcase classname="com.pratap.orangeHRM.tests.LoginTest" name="testLogin" time="4.362"/>
</testsuite> <!-- Default test -->
