<?xml version="1.0" encoding="UTF-8"?>
<!-- Generated by org.testng.reporters.JUnitXMLReporter -->
<testsuite ignored="0" hostname="DESKTOP-A8AOGG1" failures="0" tests="4" name="Default test" time="53.017" errors="0" timestamp="2024-06-30T21:20:24 IST">
  <testcase classname="com.pratap.orangeHRM.tests.LoginTest" name="testLogin" time="4.89"/>
  <testcase classname="com.pratap.orangeHRM.tests.LoginTest" name="testLogin" time="3.783"/>
  <testcase classname="com.pratap.orangeHRM.tests.LoginTest" name="testLogin" time="3.964"/>
  <testcase classname="com.pratap.orangeHRM.tests.LoginTest" name="testLogin" time="4.6"/>
</testsuite> <!-- Default test -->
