<?xml version="1.0" encoding="UTF-8"?>
<!-- Generated by org.testng.reporters.JUnitXMLReporter -->
<testsuite ignored="0" hostname="DESKTOP-A8AOGG1" failures="0" tests="4" name="Test" time="48.87" errors="0" timestamp="2024-07-06T21:48:54 IST">
  <testcase classname="com.pratap.orangeHRM.tests.LoginTest" name="testLogin" time="4.579"/>
  <testcase classname="com.pratap.orangeHRM.tests.LoginTest" name="testLogin" time="4.826"/>
  <testcase classname="com.pratap.orangeHRM.tests.LoginTest" name="testLogin" time="5.982"/>
  <testcase classname="com.pratap.orangeHRM.tests.LoginTest" name="testLogin" time="4.925"/>
</testsuite> <!-- Test -->
