<?xml version="1.0" encoding="UTF-8"?>
<!-- Generated by org.testng.reporters.JUnitXMLReporter -->
<testsuite ignored="0" hostname="DESKTOP-A8AOGG1" failures="0" tests="4" name="Test" time="33.95" errors="0" timestamp="2024-06-30T16:52:51 IST">
  <testcase classname="com.pratap.orangeHRM.tests.LoginTest" name="testLogin" time="1.761"/>
  <testcase classname="com.pratap.orangeHRM.tests.LoginTest" name="testLogin" time="1.972"/>
  <testcase classname="com.pratap.orangeHRM.tests.LoginTest" name="testLogin" time="2.213"/>
  <testcase classname="com.pratap.orangeHRM.tests.LoginTest" name="testLogin" time="2.265"/>
</testsuite> <!-- Test -->
