<?xml version="1.0" encoding="UTF-8"?>
<!-- Generated by org.testng.reporters.JUnitXMLReporter -->
<testsuite ignored="0" hostname="DESKTOP-A8AOGG1" failures="0" tests="4" name="Test(failed)" time="49.487" errors="0" timestamp="2024-07-06T21:51:47 IST">
  <testcase classname="com.pratap.orangeHRM.tests.LoginTest" name="testLogin" time="4.637"/>
  <testcase classname="com.pratap.orangeHRM.tests.LoginTest" name="testLogin" time="4.622"/>
  <testcase classname="com.pratap.orangeHRM.tests.LoginTest" name="testLogin" time="4.924"/>
  <testcase classname="com.pratap.orangeHRM.tests.LoginTest" name="testLogin" time="4.63"/>
</testsuite> <!-- Test(failed) -->
