<?xml version="1.0" encoding="UTF-8"?>
<testng-results ignored="0" total="4" passed="4" failed="0" skipped="0">
  <reporter-output>
  </reporter-output>
  <suite started-at="2024-06-30T21:25:29 IST" name="Suite" finished-at="2024-06-30T21:26:21 IST" duration-ms="51145">
    <groups>
    </groups>
    <test started-at="2024-06-30T21:25:29 IST" name="Test" finished-at="2024-06-30T21:26:21 IST" duration-ms="51145">
      <class name="com.pratap.orangeHRM.tests.LoginTest">
        <test-method is-config="true" signature="setUp()[pri:0, instance:com.pratap.orangeHRM.tests.LoginTest@3232a28a]" started-at="2024-06-30T21:25:30 IST" name="setUp" finished-at="2024-06-30T21:25:40 IST" duration-ms="9750" status="PASS">
          <reporter-output>
          </reporter-output>
        </test-method> <!-- setUp -->
        <test-method signature="testLogin(java.lang.String,java.lang.String,java.lang.String)[pri:0, instance:com.pratap.orangeHRM.tests.LoginTest@3232a28a]" started-at="2024-06-30T21:25:40 IST" name="testLogin" data-provider="loginTestData" finished-at="2024-06-30T21:25:43 IST" duration-ms="3487" status="PASS">
          <params>
            <param index="0">
              <value>
                <![CDATA[Admin]]>
              </value>
            </param>
            <param index="1">
              <value>
                <![CDATA[admin123]]>
              </value>
            </param>
            <param index="2">
              <value>
                <![CDATA[pass]]>
              </value>
            </param>
          </params>
          <reporter-output>
          </reporter-output>
        </test-method> <!-- testLogin -->
        <test-method is-config="true" signature="tearDown(org.testng.ITestResult)[pri:0, instance:com.pratap.orangeHRM.tests.LoginTest@3232a28a]" started-at="2024-06-30T21:25:43 IST" name="tearDown" finished-at="2024-06-30T21:25:44 IST" duration-ms="439" status="PASS">
          <params>
            <param index="0">
              <value>
                <![CDATA[[TestResult name=testLogin status=SUCCESS method=LoginTest.testLogin(java.lang.String,java.lang.String,java.lang.String)[pri:0, instance:com.pratap.orangeHRM.tests.LoginTest@3232a28a] output={null}]]]>
              </value>
            </param>
          </params>
          <reporter-output>
          </reporter-output>
        </test-method> <!-- tearDown -->
        <test-method is-config="true" signature="setUp()[pri:0, instance:com.pratap.orangeHRM.tests.LoginTest@3232a28a]" started-at="2024-06-30T21:25:44 IST" name="setUp" finished-at="2024-06-30T21:25:53 IST" duration-ms="9690" status="PASS">
          <reporter-output>
          </reporter-output>
        </test-method> <!-- setUp -->
        <test-method signature="testLogin(java.lang.String,java.lang.String,java.lang.String)[pri:0, instance:com.pratap.orangeHRM.tests.LoginTest@3232a28a]" started-at="2024-06-30T21:25:53 IST" name="testLogin" data-provider="loginTestData" finished-at="2024-06-30T21:25:59 IST" duration-ms="5427" status="PASS">
          <params>
            <param index="0">
              <value>
                <![CDATA[Admddien]]>
              </value>
            </param>
            <param index="1">
              <value>
                <![CDATA[adesmin123]]>
              </value>
            </param>
            <param index="2">
              <value>
                <![CDATA[fail]]>
              </value>
            </param>
          </params>
          <reporter-output>
          </reporter-output>
        </test-method> <!-- testLogin -->
        <test-method is-config="true" signature="tearDown(org.testng.ITestResult)[pri:0, instance:com.pratap.orangeHRM.tests.LoginTest@3232a28a]" started-at="2024-06-30T21:25:59 IST" name="tearDown" finished-at="2024-06-30T21:25:59 IST" duration-ms="258" status="PASS">
          <params>
            <param index="0">
              <value>
                <![CDATA[[TestResult name=testLogin status=SUCCESS method=LoginTest.testLogin(java.lang.String,java.lang.String,java.lang.String)[pri:0, instance:com.pratap.orangeHRM.tests.LoginTest@3232a28a] output={null}]]]>
              </value>
            </param>
          </params>
          <reporter-output>
          </reporter-output>
        </test-method> <!-- tearDown -->
        <test-method is-config="true" signature="setUp()[pri:0, instance:com.pratap.orangeHRM.tests.LoginTest@3232a28a]" started-at="2024-06-30T21:25:59 IST" name="setUp" finished-at="2024-06-30T21:26:07 IST" duration-ms="7403" status="PASS">
          <reporter-output>
          </reporter-output>
        </test-method> <!-- setUp -->
        <test-method signature="testLogin(java.lang.String,java.lang.String,java.lang.String)[pri:0, instance:com.pratap.orangeHRM.tests.LoginTest@3232a28a]" started-at="2024-06-30T21:26:07 IST" name="testLogin" data-provider="loginTestData" finished-at="2024-06-30T21:26:10 IST" duration-ms="3484" status="PASS">
          <params>
            <param index="0">
              <value>
                <![CDATA[Admin]]>
              </value>
            </param>
            <param index="1">
              <value>
                <![CDATA[admin123]]>
              </value>
            </param>
            <param index="2">
              <value>
                <![CDATA[pass]]>
              </value>
            </param>
          </params>
          <reporter-output>
          </reporter-output>
        </test-method> <!-- testLogin -->
        <test-method is-config="true" signature="tearDown(org.testng.ITestResult)[pri:0, instance:com.pratap.orangeHRM.tests.LoginTest@3232a28a]" started-at="2024-06-30T21:26:10 IST" name="tearDown" finished-at="2024-06-30T21:26:10 IST" duration-ms="198" status="PASS">
          <params>
            <param index="0">
              <value>
                <![CDATA[[TestResult name=testLogin status=SUCCESS method=LoginTest.testLogin(java.lang.String,java.lang.String,java.lang.String)[pri:0, instance:com.pratap.orangeHRM.tests.LoginTest@3232a28a] output={null}]]]>
              </value>
            </param>
          </params>
          <reporter-output>
          </reporter-output>
        </test-method> <!-- tearDown -->
        <test-method is-config="true" signature="setUp()[pri:0, instance:com.pratap.orangeHRM.tests.LoginTest@3232a28a]" started-at="2024-06-30T21:26:10 IST" name="setUp" finished-at="2024-06-30T21:26:17 IST" duration-ms="6625" status="PASS">
          <reporter-output>
          </reporter-output>
        </test-method> <!-- setUp -->
        <test-method signature="testLogin(java.lang.String,java.lang.String,java.lang.String)[pri:0, instance:com.pratap.orangeHRM.tests.LoginTest@3232a28a]" started-at="2024-06-30T21:26:17 IST" name="testLogin" data-provider="loginTestData" finished-at="2024-06-30T21:26:20 IST" duration-ms="3479" status="PASS">
          <params>
            <param index="0">
              <value>
                <![CDATA[Admien]]>
              </value>
            </param>
            <param index="1">
              <value>
                <![CDATA[ademin123]]>
              </value>
            </param>
            <param index="2">
              <value>
                <![CDATA[fail]]>
              </value>
            </param>
          </params>
          <reporter-output>
          </reporter-output>
        </test-method> <!-- testLogin -->
        <test-method is-config="true" signature="tearDown(org.testng.ITestResult)[pri:0, instance:com.pratap.orangeHRM.tests.LoginTest@3232a28a]" started-at="2024-06-30T21:26:20 IST" name="tearDown" finished-at="2024-06-30T21:26:21 IST" duration-ms="188" status="PASS">
          <params>
            <param index="0">
              <value>
                <![CDATA[[TestResult name=testLogin status=SUCCESS method=LoginTest.testLogin(java.lang.String,java.lang.String,java.lang.String)[pri:0, instance:com.pratap.orangeHRM.tests.LoginTest@3232a28a] output={null}]]]>
              </value>
            </param>
          </params>
          <reporter-output>
          </reporter-output>
        </test-method> <!-- tearDown -->
      </class> <!-- com.pratap.orangeHRM.tests.LoginTest -->
    </test> <!-- Test -->
  </suite> <!-- Suite -->
</testng-results>
