<?xml version="1.0" encoding="UTF-8"?>
<testng-results ignored="0" total="1" passed="1" failed="0" skipped="0">
  <reporter-output>
  </reporter-output>
  <suite started-at="2024-07-19T09:44:41 IST" name="Default suite" finished-at="2024-07-19T09:44:53 IST" duration-ms="12344">
    <groups>
    </groups>
    <test started-at="2024-07-19T09:44:41 IST" name="Default test" finished-at="2024-07-19T09:44:53 IST" duration-ms="12344">
      <class name="com.pratap.orangeHRM.tests.BoatLifestyleTest">
        <test-method signature="test()[pri:0, instance:com.pratap.orangeHRM.tests.BoatLifestyleTest@6f46426d]" started-at="2024-07-19T09:44:41 IST" name="test" finished-at="2024-07-19T09:44:53 IST" duration-ms="12309" status="PASS">
          <reporter-output>
          </reporter-output>
        </test-method> <!-- test -->
      </class> <!-- com.pratap.orangeHRM.tests.BoatLifestyleTest -->
    </test> <!-- Default test -->
  </suite> <!-- Default suite -->
</testng-results>
